Build started 2016-06-11 13:33:11.
     1>Project "C:\Code\DICEProgrammingChallenge\HGE Project\HGE Project.vcxproj" on node 2 (Build target(s)).
     1>ClCompile:
         C:\Program Files (x86)\Microsoft Visual Studio 12.0\VC\bin\CL.exe /c /I../ /ZI /nologo /W4 /WX- /sdl /Od /Oy- /D WIN32 /D _DEBUG /D _CONSOLE /D _LIB /D _UNICODE /D UNICODE /Gm /EHsc /RTC1 /MDd /GS /fp:precise /Zc:wchar_t /Zc:forScope /Yu"stdafx.h" /Fp"Debug\DebugEXE.pch" /Fo"Debug\\" /Fd"Debug\vc120.pdb" /Gd /TP /analyze- /errorReport:prompt Game.cpp
         Game.cpp
     1>c:\code\diceprogrammingchallenge\hge project\game.cpp(27): warning C4244: 'argument' : conversion from 'time_t' to 'unsigned int', possible loss of data
     1>c:\code\diceprogrammingchallenge\hge project\game.cpp(51): warning C4244: 'argument' : conversion from 'int' to 'const short', possible loss of data
     1>c:\code\diceprogrammingchallenge\hge project\game.cpp(53): warning C4244: 'argument' : conversion from 'int' to 'const short', possible loss of data
     1>c:\code\diceprogrammingchallenge\hge project\game.cpp(84): warning C4100: 'aTrigger' : unreferenced formal parameter
     1>c:\code\diceprogrammingchallenge\hge project\game.cpp(84): warning C4100: 'aTriggerType' : unreferenced formal parameter
     1>c:\code\diceprogrammingchallenge\hge project\game.cpp(122): warning C4244: 'argument' : conversion from 'int' to 'const short', possible loss of data
     1>c:\code\diceprogrammingchallenge\hge project\game.cpp(152): warning C4244: 'argument' : conversion from 'int' to 'const short', possible loss of data
     1>c:\code\diceprogrammingchallenge\hge project\game.cpp(188): warning C4244: 'argument' : conversion from 'int' to 'const short', possible loss of data
     1>c:\code\diceprogrammingchallenge\hge project\game.cpp(191): error C2039: 'Collides' : is not a member of 'AABB'
                 c:\code\diceprogrammingchallenge\commonutilities\aabb.h(7) : see declaration of 'AABB'
     1>Done Building Project "C:\Code\DICEProgrammingChallenge\HGE Project\HGE Project.vcxproj" (Build target(s)) -- FAILED.

Build FAILED.

Time Elapsed 00:00:00.90
